2016-11-30 16:59:00  Started ./example/booedit
2016-11-30 16:59:25  Stopped ./example/booedit
2016-11-30 17:34:14  Started /home/ics45c/projects/proj4/out/bin/a.out.app
2016-11-30 17:34:18  Stopped /home/ics45c/projects/proj4/out/bin/a.out.app
2016-11-30 17:34:26  Started ./example/booedit
2016-11-30 17:38:58  Stopped ./example/booedit
2016-12-01 14:45:37  Started ./example/booedit
2016-12-01 15:41:45  Stopped ./example/booedit
2016-12-01 17:11:57  Started ./example/booedit
2016-12-01 17:25:23  Stopped ./example/booedit
2016-12-01 17:33:06  Started ./example/booedit
2016-12-01 17:33:25  Stopped ./example/booedit
2016-12-01 17:50:51  Started /home/ics45c/projects/proj4/out/bin/a.out.app
2016-12-01 17:52:42  Started /home/ics45c/projects/proj4/out/bin/a.out.app
2016-12-01 17:52:49  Started /home/ics45c/projects/proj4/out/bin/a.out.app
2016-12-01 17:52:55  Started /home/ics45c/projects/proj4/out/bin/a.out.app
2016-12-01 17:53:01  Stopped /home/ics45c/projects/proj4/out/bin/a.out.app
2016-12-01 17:54:21  Started /home/ics45c/projects/proj4/out/bin/a.out.app
2016-12-01 17:54:24  Stopped /home/ics45c/projects/proj4/out/bin/a.out.app
2016-12-02 01:01:19  Started /home/ics45c/projects/proj4/out/bin/a.out.app
2016-12-02 01:01:24  Started /home/ics45c/projects/proj4/out/bin/a.out.app
2016-12-02 01:01:33  Stopped /home/ics45c/projects/proj4/out/bin/a.out.app
2016-12-02 01:01:35  Started /home/ics45c/projects/proj4/out/bin/a.out.app
2016-12-02 01:02:01  Started /home/ics45c/projects/proj4/out/bin/a.out.app
2016-12-02 01:29:40  Started /home/ics45c/projects/proj4/out/bin/a.out.app
2016-12-02 01:37:14  Started /home/ics45c/projects/proj4/out/bin/a.out.app
2016-12-02 01:37:28  Started /home/ics45c/projects/proj4/out/bin/a.out.app
2016-12-02 01:41:33  Started /home/ics45c/projects/proj4/out/bin/a.out.app
2016-12-02 01:44:09  Started /home/ics45c/projects/proj4/out/bin/a.out.app
2016-12-02 01:45:47  Started /home/ics45c/projects/proj4/out/bin/a.out.app
2016-12-02 01:46:28  Stopped /home/ics45c/projects/proj4/out/bin/a.out.app
2016-12-02 01:46:31  Started /home/ics45c/projects/proj4/out/bin/a.out.app
2016-12-02 01:46:55  Stopped /home/ics45c/projects/proj4/out/bin/a.out.app
2016-12-02 01:46:59  Started /home/ics45c/projects/proj4/out/bin/a.out.app
2016-12-02 01:47:09  Stopped /home/ics45c/projects/proj4/out/bin/a.out.app
2016-12-02 01:47:12  Started /home/ics45c/projects/proj4/out/bin/a.out.app
2016-12-02 01:47:18  Stopped /home/ics45c/projects/proj4/out/bin/a.out.app
2016-12-02 01:51:10  Started /home/ics45c/projects/proj4/out/bin/a.out.app
2016-12-02 01:51:27  Stopped /home/ics45c/projects/proj4/out/bin/a.out.app
2016-12-02 01:59:14  Started /home/ics45c/projects/proj4/out/bin/a.out.app
2016-12-02 02:02:18  Started /home/ics45c/projects/proj4/out/bin/a.out.app
2016-12-02 02:12:42  Started /home/ics45c/projects/proj4/out/bin/a.out.app
2016-12-02 02:15:01  Started /home/ics45c/projects/proj4/out/bin/a.out.app
2016-12-02 02:18:19  Started /home/ics45c/projects/proj4/out/bin/a.out.app
2016-12-02 02:18:53  Stopped /home/ics45c/projects/proj4/out/bin/a.out.app
2016-12-02 02:19:29  Started /home/ics45c/projects/proj4/out/bin/a.out.app
2016-12-02 02:19:32  Stopped /home/ics45c/projects/proj4/out/bin/a.out.app
2016-12-02 02:19:37  Started /home/ics45c/projects/proj4/out/bin/a.out.app
2016-12-02 03:34:49  Stopped /home/ics45c/projects/proj4/out/bin/a.out.app
2016-12-02 03:35:08  Started /home/ics45c/projects/proj4/out/bin/a.out.app
2016-12-02 06:28:59  Started /home/ics45c/projects/proj4/out/bin/a.out.app
2016-12-02 06:29:32  Stopped /home/ics45c/projects/proj4/out/bin/a.out.app
2016-12-02 06:31:33  Started /home/ics45c/projects/proj4/out/bin/a.out.app
2016-12-02 06:31:35  Stopped /home/ics45c/projects/proj4/out/bin/a.out.app
2016-12-02 06:32:03  Started /home/ics45c/projects/proj4/out/bin/a.out.app
2016-12-02 06:32:38  Stopped /home/ics45c/projects/proj4/out/bin/a.out.app
2016-12-02 06:44:41  Started /home/ics45c/projects/proj4/out/bin/a.out.app
2016-12-02 06:45:36  Stopped /home/ics45c/projects/proj4/out/bin/a.out.app
2016-12-02 15:24:31  Started /home/ics45c/projects/proj4/out/bin/a.out.app
2016-12-02 15:27:49  Started /home/ics45c/projects/proj4/out/bin/a.out.app
2016-12-02 15:38:00  Started /home/ics45c/projects/proj4/out/bin/a.out.app
2016-12-02 15:38:23  Stopped /home/ics45c/projects/proj4/out/bin/a.out.app
2016-12-02 15:38:55  Started /home/ics45c/projects/proj4/out/bin/a.out.app
2016-12-02 15:39:17  Stopped /home/ics45c/projects/proj4/out/bin/a.out.app
2016-12-02 16:14:30  Started /home/ics45c/projects/proj4/out/bin/a.out.app
2016-12-02 16:15:01  Stopped /home/ics45c/projects/proj4/out/bin/a.out.app
2016-12-02 16:26:30  Started /home/ics45c/projects/proj4/out/bin/a.out.app
2016-12-02 16:26:44  Stopped /home/ics45c/projects/proj4/out/bin/a.out.app
2016-12-02 16:48:44  Started /home/ics45c/projects/proj4/out/bin/a.out.app
2016-12-02 16:49:12  Stopped /home/ics45c/projects/proj4/out/bin/a.out.app
2016-12-02 16:49:20  Started /home/ics45c/projects/proj4/out/bin/a.out.app
2016-12-02 16:49:36  Stopped /home/ics45c/projects/proj4/out/bin/a.out.app
2016-12-02 16:50:43  Started /home/ics45c/projects/proj4/out/bin/a.out.app
2016-12-02 16:50:54  Stopped /home/ics45c/projects/proj4/out/bin/a.out.app
2016-12-02 17:07:12  Started /home/ics45c/projects/proj4/out/bin/a.out.app
2016-12-02 17:10:27  Stopped /home/ics45c/projects/proj4/out/bin/a.out.app
2016-12-02 17:11:04  Started /home/ics45c/projects/proj4/out/bin/a.out.app
2016-12-02 17:11:08  Stopped /home/ics45c/projects/proj4/out/bin/a.out.app
2016-12-02 17:13:22  Started ./example/booedit
2016-12-02 17:14:46  Stopped ./example/booedit
2016-12-02 17:14:51  Started /home/ics45c/projects/proj4/out/bin/a.out.app
2016-12-02 17:15:03  Stopped /home/ics45c/projects/proj4/out/bin/a.out.app
2016-12-02 17:16:30  Started ./example/booedit
2016-12-02 17:17:21  Stopped ./example/booedit
2016-12-02 17:17:25  Started /home/ics45c/projects/proj4/out/bin/a.out.app
2016-12-02 17:17:50  Stopped /home/ics45c/projects/proj4/out/bin/a.out.app
2016-12-02 17:19:23  Started ./example/booedit
2016-12-02 17:20:14  Stopped ./example/booedit
2016-12-02 17:26:53  Started /home/ics45c/projects/proj4/out/bin/a.out.app
2016-12-02 17:27:07  Started /home/ics45c/projects/proj4/out/bin/a.out.app
2016-12-02 17:31:21  Started /home/ics45c/projects/proj4/out/bin/a.out.app
2016-12-02 17:31:44  Stopped /home/ics45c/projects/proj4/out/bin/a.out.app
2016-12-02 17:31:52  Started /home/ics45c/projects/proj4/out/bin/a.out.app
2016-12-02 17:32:47  Stopped /home/ics45c/projects/proj4/out/bin/a.out.app
2016-12-02 17:32:59  Started /home/ics45c/projects/proj4/out/bin/a.out.app
2016-12-02 17:38:50  Stopped /home/ics45c/projects/proj4/out/bin/a.out.app
2016-12-02 17:41:26  Started /home/ics45c/projects/proj4/out/bin/a.out.app
2016-12-02 17:44:02  Started /home/ics45c/projects/proj4/out/bin/a.out.app
2016-12-02 17:44:32  Stopped /home/ics45c/projects/proj4/out/bin/a.out.app
2016-12-02 17:51:44  Started /home/ics45c/projects/proj4/out/bin/a.out.app
2016-12-02 17:52:35  Stopped /home/ics45c/projects/proj4/out/bin/a.out.app
2016-12-02 17:52:42  Started ./example/booedit
2016-12-02 17:52:50  Stopped ./example/booedit
2016-12-02 18:16:07  Started /home/ics45c/projects/proj4/out/bin/a.out.app
2016-12-02 18:18:11  Stopped /home/ics45c/projects/proj4/out/bin/a.out.app
2016-12-02 18:32:28  Started /home/ics45c/projects/proj4/out/bin/a.out.app
2016-12-02 18:33:01  Stopped /home/ics45c/projects/proj4/out/bin/a.out.app
2016-12-02 18:43:15  Started /home/ics45c/projects/proj4/out/bin/a.out.app
2016-12-02 18:43:52  Stopped /home/ics45c/projects/proj4/out/bin/a.out.app
2016-12-02 19:59:56  Started ./example/booedit
2016-12-02 20:13:39  Stopped ./example/booedit
2016-12-02 20:16:37  Started /home/ics45c/projects/proj4/out/bin/a.out.app
2016-12-02 20:17:09  Stopped /home/ics45c/projects/proj4/out/bin/a.out.app
2016-12-02 20:29:56  Started /home/ics45c/projects/proj4/out/bin/a.out.app
2016-12-02 20:38:01  Stopped /home/ics45c/projects/proj4/out/bin/a.out.app
2016-12-02 20:38:07  Started /home/ics45c/projects/proj4/out/bin/a.out.app
2016-12-02 20:38:34  Stopped /home/ics45c/projects/proj4/out/bin/a.out.app
2016-12-02 20:39:11  Started /home/ics45c/projects/proj4/out/bin/a.out.app
2016-12-02 20:39:24  Stopped /home/ics45c/projects/proj4/out/bin/a.out.app
2016-12-02 20:39:37  Started /home/ics45c/projects/proj4/out/bin/a.out.app
2016-12-02 20:39:51  Stopped /home/ics45c/projects/proj4/out/bin/a.out.app
2016-12-02 20:47:48  Started /home/ics45c/projects/proj4/out/bin/a.out.app
2016-12-02 20:48:03  Stopped /home/ics45c/projects/proj4/out/bin/a.out.app
2016-12-02 20:54:12  Started /home/ics45c/projects/proj4/out/bin/a.out.app
2016-12-02 20:56:59  Stopped /home/ics45c/projects/proj4/out/bin/a.out.app
2016-12-02 20:57:19  Started /home/ics45c/projects/proj4/out/bin/a.out.app
2016-12-02 20:57:48  Stopped /home/ics45c/projects/proj4/out/bin/a.out.app
2016-12-02 20:59:18  Started /home/ics45c/projects/proj4/out/bin/a.out.app
2016-12-02 20:59:45  Stopped /home/ics45c/projects/proj4/out/bin/a.out.app
2016-12-02 21:01:40  Started /home/ics45c/projects/proj4/out/bin/a.out.app
2016-12-02 21:01:49  Stopped /home/ics45c/projects/proj4/out/bin/a.out.app
2016-12-02 21:20:53  Started /home/ics45c/projects/proj4/out/bin/a.out.app
2016-12-02 21:23:58  Stopped /home/ics45c/projects/proj4/out/bin/a.out.app
2016-12-02 21:29:17  Started /home/ics45c/projects/proj4/out/bin/a.out.app
2016-12-02 21:31:41  Started /home/ics45c/projects/proj4/out/bin/a.out.app
2016-12-02 21:32:57  Started /home/ics45c/projects/proj4/out/bin/a.out.app
2016-12-02 21:33:07  Stopped /home/ics45c/projects/proj4/out/bin/a.out.app
2016-12-02 21:35:22  Started /home/ics45c/projects/proj4/out/bin/a.out.app
2016-12-02 21:35:27  Stopped /home/ics45c/projects/proj4/out/bin/a.out.app
2016-12-02 21:35:57  Started /home/ics45c/projects/proj4/out/bin/a.out.app
2016-12-02 21:36:07  Stopped /home/ics45c/projects/proj4/out/bin/a.out.app
2016-12-02 21:38:44  Started /home/ics45c/projects/proj4/out/bin/a.out.app
2016-12-02 21:39:13  Stopped /home/ics45c/projects/proj4/out/bin/a.out.app
2016-12-02 21:44:06  Started /home/ics45c/projects/proj4/out/bin/a.out.app
2016-12-02 21:44:55  Started /home/ics45c/projects/proj4/out/bin/a.out.app
2016-12-02 21:44:59  Stopped /home/ics45c/projects/proj4/out/bin/a.out.app
2016-12-02 21:45:34  Started /home/ics45c/projects/proj4/out/bin/a.out.app
2016-12-02 21:45:36  Stopped /home/ics45c/projects/proj4/out/bin/a.out.app
2016-12-02 21:46:54  Started /home/ics45c/projects/proj4/out/bin/a.out.app
2016-12-02 21:50:18  Started /home/ics45c/projects/proj4/out/bin/a.out.app
2016-12-02 21:50:41  Stopped /home/ics45c/projects/proj4/out/bin/a.out.app
2016-12-02 21:50:49  Started /home/ics45c/projects/proj4/out/bin/a.out.app
2016-12-02 21:51:01  Stopped /home/ics45c/projects/proj4/out/bin/a.out.app
2016-12-02 22:07:26  Started /home/ics45c/projects/proj4/out/bin/a.out.app
2016-12-02 22:08:19  Stopped /home/ics45c/projects/proj4/out/bin/a.out.app
2016-12-02 22:09:52  Started /home/ics45c/projects/proj4/out/bin/a.out.app
2016-12-02 22:10:05  Stopped /home/ics45c/projects/proj4/out/bin/a.out.app
2016-12-02 22:18:29  Started /home/ics45c/projects/proj4/out/bin/a.out.app
2016-12-02 22:18:45  Stopped /home/ics45c/projects/proj4/out/bin/a.out.app
2016-12-02 22:24:39  Started /home/ics45c/projects/proj4/out/bin/a.out.app
2016-12-02 22:24:53  Stopped /home/ics45c/projects/proj4/out/bin/a.out.app
2016-12-02 22:40:04  Started /home/ics45c/projects/proj4/out/bin/a.out.app
2016-12-02 22:40:36  Stopped /home/ics45c/projects/proj4/out/bin/a.out.app
2016-12-02 22:41:27  Started /home/ics45c/projects/proj4/example/booedit
2016-12-02 22:42:45  Stopped /home/ics45c/projects/proj4/example/booedit
2016-12-02 22:43:39  Started /home/ics45c/projects/proj4/example/booedit
2016-12-02 22:46:04  Started /home/ics45c/projects/proj4/out/bin/a.out.app
2016-12-02 22:46:13  Stopped /home/ics45c/projects/proj4/out/bin/a.out.app
2016-12-02 22:46:59  Started /home/ics45c/projects/proj4/out/bin/a.out.app
2016-12-02 22:47:05  Stopped /home/ics45c/projects/proj4/out/bin/a.out.app
2016-12-02 22:49:01  Stopped /home/ics45c/projects/proj4/example/booedit
2016-12-02 22:49:11  Started /home/ics45c/projects/proj4/out/bin/a.out.app
2016-12-02 22:50:20  Stopped /home/ics45c/projects/proj4/out/bin/a.out.app
2016-12-02 22:50:54  Started /home/ics45c/projects/proj4/example/booedit
2016-12-02 22:51:14  Stopped /home/ics45c/projects/proj4/example/booedit
2016-12-02 22:51:19  Started /home/ics45c/projects/proj4/out/bin/a.out.app
2016-12-02 22:52:03  Stopped /home/ics45c/projects/proj4/out/bin/a.out.app
2016-12-02 22:59:52  Started /home/ics45c/projects/proj4/example/booedit
2016-12-02 23:00:17  Started /home/ics45c/projects/proj4/out/bin/a.out.app
2016-12-02 23:00:58  Stopped /home/ics45c/projects/proj4/out/bin/a.out.app
2016-12-02 23:03:48  Stopped /home/ics45c/projects/proj4/example/booedit
2016-12-02 23:05:47  Started /home/ics45c/projects/proj4/out/bin/a.out.app
2016-12-02 23:06:38  Stopped /home/ics45c/projects/proj4/out/bin/a.out.app
2016-12-02 23:06:44  Started /home/ics45c/projects/proj4/example/booedit
2016-12-02 23:07:00  Stopped /home/ics45c/projects/proj4/example/booedit
2016-12-02 23:08:56  Started /home/ics45c/projects/proj4/out/bin/a.out.app
2016-12-02 23:09:07  Stopped /home/ics45c/projects/proj4/out/bin/a.out.app
2016-12-02 23:14:50  Started /home/ics45c/projects/proj4/out/bin/a.out.app
2016-12-02 23:15:18  Stopped /home/ics45c/projects/proj4/out/bin/a.out.app
2016-12-02 23:22:43  Started /home/ics45c/projects/proj4/out/bin/a.out.app
2016-12-02 23:23:34  Stopped /home/ics45c/projects/proj4/out/bin/a.out.app
2016-12-02 23:23:48  Started /home/ics45c/projects/proj4/example/booedit
2016-12-02 23:23:52  Stopped /home/ics45c/projects/proj4/example/booedit
2016-12-02 23:27:31  Started /home/ics45c/projects/proj4/out/bin/a.out.app
2016-12-02 23:28:17  Stopped /home/ics45c/projects/proj4/out/bin/a.out.app
2016-12-02 23:34:42  Started /home/ics45c/projects/proj4/out/bin/a.out.app
2016-12-02 23:37:20  Stopped /home/ics45c/projects/proj4/out/bin/a.out.app
2016-12-02 23:37:25  Started /home/ics45c/projects/proj4/example/booedit
2016-12-02 23:37:53  Stopped /home/ics45c/projects/proj4/example/booedit
2016-12-02 23:39:31  Started /home/ics45c/projects/proj4/example/booedit
2016-12-02 23:39:57  Stopped /home/ics45c/projects/proj4/example/booedit
2016-12-02 23:40:34  Started /home/ics45c/projects/proj4/out/bin/a.out.app
2016-12-02 23:40:57  Stopped /home/ics45c/projects/proj4/out/bin/a.out.app
2016-12-02 23:45:55  Started /home/ics45c/projects/proj4/example/booedit
2016-12-02 23:46:06  Stopped /home/ics45c/projects/proj4/example/booedit
2016-12-02 23:47:48  Started /home/ics45c/projects/proj4/out/bin/a.out.app
2016-12-02 23:48:35  Stopped /home/ics45c/projects/proj4/out/bin/a.out.app
2016-12-03 00:01:38  Started /home/ics45c/projects/proj4/out/bin/a.out.app
2016-12-03 00:05:01  Stopped /home/ics45c/projects/proj4/out/bin/a.out.app
2016-12-03 00:11:54  Started /home/ics45c/projects/proj4/example/booedit
2016-12-03 00:13:23  Stopped /home/ics45c/projects/proj4/example/booedit
2016-12-03 00:13:29  Started /home/ics45c/projects/proj4/out/bin/a.out.app
2016-12-03 00:13:44  Stopped /home/ics45c/projects/proj4/out/bin/a.out.app
2016-12-03 00:13:51  Started /home/ics45c/projects/proj4/example/booedit
2016-12-03 00:14:14  Stopped /home/ics45c/projects/proj4/example/booedit
2016-12-03 18:53:11  Started /home/ics45c/projects/proj4/example/booedit
2016-12-03 18:56:38  Stopped /home/ics45c/projects/proj4/example/booedit
2016-12-03 18:56:42  Started /home/ics45c/projects/proj4/out/bin/a.out.app
2016-12-03 18:57:03  Stopped /home/ics45c/projects/proj4/out/bin/a.out.app
2016-12-03 18:57:55  Started /home/ics45c/projects/proj4/example/booedit
2016-12-03 18:58:12  Stopped /home/ics45c/projects/proj4/example/booedit
2016-12-03 19:03:22  Started /home/ics45c/projects/proj4/example/booedit
2016-12-03 19:15:01  Stopped /home/ics45c/projects/proj4/example/booedit
2016-12-03 19:18:43  Started /home/ics45c/projects/proj4/out/bin/a.out.app
2016-12-03 19:18:50  Stopped /home/ics45c/projects/proj4/out/bin/a.out.app
2016-12-03 19:21:21  Started /home/ics45c/projects/proj4/out/bin/a.out.app
2016-12-03 19:21:37  Stopped /home/ics45c/projects/proj4/out/bin/a.out.app
2016-12-03 19:22:42  Started /home/ics45c/projects/proj4/out/bin/a.out.app
2016-12-03 19:23:15  Stopped /home/ics45c/projects/proj4/out/bin/a.out.app
2016-12-03 23:19:28  Started /home/ics45c/projects/proj4/out/bin/a.out.app
2016-12-03 23:20:12  Stopped /home/ics45c/projects/proj4/out/bin/a.out.app
2016-12-03 23:20:55  Started /home/ics45c/projects/proj4/out/bin/a.out.app
2016-12-03 23:21:06  Stopped /home/ics45c/projects/proj4/out/bin/a.out.app
2016-12-03 23:21:30  Started /home/ics45c/projects/proj4/out/bin/a.out.app
2016-12-03 23:21:36  Stopped /home/ics45c/projects/proj4/out/bin/a.out.app
2016-12-03 23:23:58  Started /home/ics45c/projects/proj4/out/bin/a.out.app
2016-12-03 23:24:13  Stopped /home/ics45c/projects/proj4/out/bin/a.out.app
2016-12-03 23:28:32  Started /home/ics45c/projects/proj4/out/bin/a.out.app
2016-12-03 23:29:14  Stopped /home/ics45c/projects/proj4/out/bin/a.out.app
2016-12-03 23:33:49  Started /home/ics45c/projects/proj4/out/bin/a.out.app
2016-12-03 23:34:29  Stopped /home/ics45c/projects/proj4/out/bin/a.out.app
2016-12-03 23:39:44  Started /home/ics45c/projects/proj4/out/bin/a.out.app
2016-12-03 23:40:26  Stopped /home/ics45c/projects/proj4/out/bin/a.out.app
2016-12-03 23:56:42  Started /home/ics45c/projects/proj4/out/bin/a.out.app
2016-12-03 23:57:43  Stopped /home/ics45c/projects/proj4/out/bin/a.out.app
